0 info it worked if it ends with ok
1 verbose cli [ '/usr/local/bin/node', '/usr/local/bin/npm', 'run', 'serve' ]
2 info using npm@3.3.12
3 info using node@v5.3.0
4 verbose run-script [ 'preserve', 'serve', 'postserve' ]
5 info lifecycle redux_isomorphic_kit@0.0.1~preserve: redux_isomorphic_kit@0.0.1
6 silly lifecycle redux_isomorphic_kit@0.0.1~preserve: no script for preserve, continuing
7 info lifecycle redux_isomorphic_kit@0.0.1~serve: redux_isomorphic_kit@0.0.1
8 verbose lifecycle redux_isomorphic_kit@0.0.1~serve: unsafe-perm in lifecycle true
9 verbose lifecycle redux_isomorphic_kit@0.0.1~serve: PATH: /usr/local/lib/node_modules/npm/bin/node-gyp-bin:/Users/mobinni/Documents/work/iCapps/Projects/isomorphic_stack/node_modules/.bin:/Library/Developer/Toolchains/swift-latest.xctoolchain/usr/bin:/Users/mobinni/.qfc/bin:/usr/local/heroku/bin:/usr/local/bin:/usr/bin:/bin:/usr/sbin:/sbin:/Users/mobinni/Library/Android/sdk/tools/
10 verbose lifecycle redux_isomorphic_kit@0.0.1~serve: CWD: /Users/mobinni/Documents/work/iCapps/Projects/isomorphic_stack
11 silly lifecycle redux_isomorphic_kit@0.0.1~serve: Args: [ '-c', 'babel-node ./server' ]
12 silly lifecycle redux_isomorphic_kit@0.0.1~serve: Returned: code: 1  signal: null
13 info lifecycle redux_isomorphic_kit@0.0.1~serve: Failed to exec serve script
14 verbose stack Error: redux_isomorphic_kit@0.0.1 serve: `babel-node ./server`
14 verbose stack Exit status 1
14 verbose stack     at EventEmitter.<anonymous> (/usr/local/lib/node_modules/npm/lib/utils/lifecycle.js:232:16)
14 verbose stack     at emitTwo (events.js:87:13)
14 verbose stack     at EventEmitter.emit (events.js:172:7)
14 verbose stack     at ChildProcess.<anonymous> (/usr/local/lib/node_modules/npm/lib/utils/spawn.js:24:14)
14 verbose stack     at emitTwo (events.js:87:13)
14 verbose stack     at ChildProcess.emit (events.js:172:7)
14 verbose stack     at maybeClose (internal/child_process.js:818:16)
14 verbose stack     at Process.ChildProcess._handle.onexit (internal/child_process.js:211:5)
15 verbose pkgid redux_isomorphic_kit@0.0.1
16 verbose cwd /Users/mobinni/Documents/work/iCapps/Projects/isomorphic_stack
17 error Darwin 15.3.0
18 error argv "/usr/local/bin/node" "/usr/local/bin/npm" "run" "serve"
19 error node v5.3.0
20 error npm  v3.3.12
21 error code ELIFECYCLE
22 error redux_isomorphic_kit@0.0.1 serve: `babel-node ./server`
22 error Exit status 1
23 error Failed at the redux_isomorphic_kit@0.0.1 serve script 'babel-node ./server'.
23 error Make sure you have the latest version of node.js and npm installed.
23 error If you do, this is most likely a problem with the redux_isomorphic_kit package,
23 error not with npm itself.
23 error Tell the author that this fails on your system:
23 error     babel-node ./server
23 error You can get their info via:
23 error     npm owner ls redux_isomorphic_kit
23 error There is likely additional logging output above.
24 verbose exit [ 1, true ]
